<?xml version="1.0" encoding="UTF-8"?>
<testsuite xmlns:xsi="http://www.w3.org/2001/XMLSchema-instance" xsi:noNamespaceSchemaLocation="https://maven.apache.org/surefire/maven-surefire-plugin/xsd/surefire-test-report-3.0.xsd" version="3.0" name="runners.TestRunner" time="27.036" tests="10" errors="0" skipped="0" failures="0">
  <properties>
[...]
</properties>
  <testcase name="runScenario[&quot;Login Using Valid User Credentials&quot;, &quot;Sauce Labs Demo Login Functionality&quot;](1)" classname="runners.TestRunner" time="3.409">
    <system-out><![CDATA[
Scenario: Login Using Valid User Credentials      # src/test/java/features/Login.feature:4
  Given User is on the login page                 # stepdefinitions.LoginStepDefinition.user_is_on_the_login_page()
  When User enters valid username "standard_user" # stepdefinitions.LoginStepDefinition.user_enters_valid_username(java.lang.String)
  And User enters valid password "secret_sauce"   # stepdefinitions.LoginStepDefinition.user_enters_valid_password(java.lang.String)
  And User clicks on Login Button                 # stepdefinitions.LoginStepDefinition.user_clicks_on_login_button()
  Then User is navigated to Swag Labs page        # stepdefinitions.LoginStepDefinition.user_is_navigated_to_swag_labs_page()
]]></system-out>
    <system-err><![CDATA[SLF4J: Failed to load class "org.slf4j.impl.StaticLoggerBinder".
SLF4J: Defaulting to no-operation (NOP) logger implementation
SLF4J: See http://www.slf4j.org/codes.html#StaticLoggerBinder for further details.
Jun 02, 2025 12:54:37 AM org.openqa.selenium.devtools.CdpVersionFinder findNearestMatch
WARNING: Unable to find CDP implementation matching 137
Jun 02, 2025 12:54:37 AM org.openqa.selenium.chromium.ChromiumDriver lambda$new$5
WARNING: Unable to find version of CDP to use for 137.0.7151.55. You may need to include a dependency on a specific version of the CDP using something similar to `org.seleniumhq.selenium:selenium-devtools-v86:4.16.1` where the version ("v86") matches the version of the chromium-based browser you're using and the version number of the artifact is the same as Selenium's.
]]></system-err>
  </testcase>
  <testcase name="runScenario[&quot;Login using multiple users&quot;, &quot;Sauce Labs Demo Login Functionality&quot;](2)" classname="runners.TestRunner" time="2.626">
    <system-out><![CDATA[
Scenario Outline: Login using multiple users    # src/test/java/features/Login.feature:21
  Given User is on the login page               # stepdefinitions.LoginStepDefinition.user_is_on_the_login_page()
  When User enters valid username "visual_user" # stepdefinitions.LoginStepDefinition.user_enters_valid_username(java.lang.String)
  And User enters valid password "secret_sauce" # stepdefinitions.LoginStepDefinition.user_enters_valid_password(java.lang.String)
  And User clicks on Login Button               # stepdefinitions.LoginStepDefinition.user_clicks_on_login_button()
  Then User is navigated to Swag Labs page      # stepdefinitions.LoginStepDefinition.user_is_navigated_to_swag_labs_page()
]]></system-out>
    <system-err><![CDATA[Jun 02, 2025 12:54:39 AM org.openqa.selenium.devtools.CdpVersionFinder findNearestMatch
WARNING: Unable to find CDP implementation matching 137
Jun 02, 2025 12:54:39 AM org.openqa.selenium.chromium.ChromiumDriver lambda$new$5
WARNING: Unable to find version of CDP to use for 137.0.7151.55. You may need to include a dependency on a specific version of the CDP using something similar to `org.seleniumhq.selenium:selenium-devtools-v86:4.16.1` where the version ("v86") matches the version of the chromium-based browser you're using and the version number of the artifact is the same as Selenium's.
]]></system-err>
  </testcase>
  <testcase name="runScenario[&quot;Login using multiple users&quot;, &quot;Sauce Labs Demo Login Functionality&quot;](3)" classname="runners.TestRunner" time="2.534">
    <system-out><![CDATA[
Scenario Outline: Login using multiple users      # src/test/java/features/Login.feature:22
  Given User is on the login page                 # stepdefinitions.LoginStepDefinition.user_is_on_the_login_page()
  When User enters valid username "standard_user" # stepdefinitions.LoginStepDefinition.user_enters_valid_username(java.lang.String)
  And User enters valid password "secret_sauce"   # stepdefinitions.LoginStepDefinition.user_enters_valid_password(java.lang.String)
  And User clicks on Login Button                 # stepdefinitions.LoginStepDefinition.user_clicks_on_login_button()
  Then User is navigated to Swag Labs page        # stepdefinitions.LoginStepDefinition.user_is_navigated_to_swag_labs_page()
]]></system-out>
    <system-err><![CDATA[Jun 02, 2025 12:54:42 AM org.openqa.selenium.devtools.CdpVersionFinder findNearestMatch
WARNING: Unable to find CDP implementation matching 137
Jun 02, 2025 12:54:42 AM org.openqa.selenium.chromium.ChromiumDriver lambda$new$5
WARNING: Unable to find version of CDP to use for 137.0.7151.55. You may need to include a dependency on a specific version of the CDP using something similar to `org.seleniumhq.selenium:selenium-devtools-v86:4.16.1` where the version ("v86") matches the version of the chromium-based browser you're using and the version number of the artifact is the same as Selenium's.
]]></system-err>
  </testcase>
  <testcase name="runScenario[&quot;Login using invalid credentials&quot;, &quot;Sauce Labs Demo Login Functionality&quot;](4)" classname="runners.TestRunner" time="2.661">
    <system-out><![CDATA[
Scenario: Login using invalid credentials                                                                                    # src/test/java/features/Login.feature:24
  Given User is on the login page                                                                                            # stepdefinitions.LoginStepDefinition.user_is_on_the_login_page()
  When User enters invalid username "test1234"                                                                               # stepdefinitions.LoginStepDefinition.user_enters_invalid_username(java.lang.String)
  And User enters invalid password "test1234"                                                                                # stepdefinitions.LoginStepDefinition.user_enters_invalid_password(java.lang.String)
  And User clicks on Login Button                                                                                            # stepdefinitions.LoginStepDefinition.user_clicks_on_login_button()
  Then User is not logged in and gets message as "Epic sadface: Username and password do not match any user in this service" # stepdefinitions.LoginStepDefinition.user_is_not_logged_in_and_gets_message_as(java.lang.String)
]]></system-out>
    <system-err><![CDATA[Jun 02, 2025 12:54:44 AM org.openqa.selenium.devtools.CdpVersionFinder findNearestMatch
WARNING: Unable to find CDP implementation matching 137
Jun 02, 2025 12:54:44 AM org.openqa.selenium.chromium.ChromiumDriver lambda$new$5
WARNING: Unable to find version of CDP to use for 137.0.7151.55. You may need to include a dependency on a specific version of the CDP using something similar to `org.seleniumhq.selenium:selenium-devtools-v86:4.16.1` where the version ("v86") matches the version of the chromium-based browser you're using and the version number of the artifact is the same as Selenium's.
]]></system-err>
  </testcase>
  <testcase name="runScenario[&quot;Login using lockedout user credentials&quot;, &quot;Sauce Labs Demo Login Functionality&quot;](5)" classname="runners.TestRunner" time="2.471">
    <system-out><![CDATA[
Scenario: Login using lockedout user credentials                                                       # src/test/java/features/Login.feature:31
  Given User is on the login page                                                                      # stepdefinitions.LoginStepDefinition.user_is_on_the_login_page()
  When User enters lockedout username "locked_out_user"                                                # stepdefinitions.LoginStepDefinition.user_enters_lockedout_username(java.lang.String)
  And User enters valid password "secret_sauce"                                                        # stepdefinitions.LoginStepDefinition.user_enters_valid_password(java.lang.String)
  And User clicks on Login Button                                                                      # stepdefinitions.LoginStepDefinition.user_clicks_on_login_button()
  Then User is not logged in and gets message as "Epic sadface: Sorry, this user has been locked out." # stepdefinitions.LoginStepDefinition.user_is_not_logged_in_and_gets_message_as(java.lang.String)
]]></system-out>
    <system-err><![CDATA[Jun 02, 2025 12:54:47 AM org.openqa.selenium.devtools.CdpVersionFinder findNearestMatch
WARNING: Unable to find CDP implementation matching 137
Jun 02, 2025 12:54:47 AM org.openqa.selenium.chromium.ChromiumDriver lambda$new$5
WARNING: Unable to find version of CDP to use for 137.0.7151.55. You may need to include a dependency on a specific version of the CDP using something similar to `org.seleniumhq.selenium:selenium-devtools-v86:4.16.1` where the version ("v86") matches the version of the chromium-based browser you're using and the version number of the artifact is the same as Selenium's.
]]></system-err>
  </testcase>
  <testcase name="runScenario[&quot;Login using valid username and invalid password&quot;, &quot;Sauce Labs Demo Login Functionality&quot;](6)" classname="runners.TestRunner" time="2.446">
    <system-out><![CDATA[
Scenario: Login using valid username and invalid password                                                                    # src/test/java/features/Login.feature:38
  Given User is on the login page                                                                                            # stepdefinitions.LoginStepDefinition.user_is_on_the_login_page()
  When User enters valid username "standard_user"                                                                            # stepdefinitions.LoginStepDefinition.user_enters_valid_username(java.lang.String)
  And User enters invalid password "1234"                                                                                    # stepdefinitions.LoginStepDefinition.user_enters_invalid_password(java.lang.String)
  And User clicks on Login Button                                                                                            # stepdefinitions.LoginStepDefinition.user_clicks_on_login_button()
  Then User is not logged in and gets message as "Epic sadface: Username and password do not match any user in this service" # stepdefinitions.LoginStepDefinition.user_is_not_logged_in_and_gets_message_as(java.lang.String)
]]></system-out>
    <system-err><![CDATA[Jun 02, 2025 12:54:49 AM org.openqa.selenium.devtools.CdpVersionFinder findNearestMatch
WARNING: Unable to find CDP implementation matching 137
Jun 02, 2025 12:54:49 AM org.openqa.selenium.chromium.ChromiumDriver lambda$new$5
WARNING: Unable to find version of CDP to use for 137.0.7151.55. You may need to include a dependency on a specific version of the CDP using something similar to `org.seleniumhq.selenium:selenium-devtools-v86:4.16.1` where the version ("v86") matches the version of the chromium-based browser you're using and the version number of the artifact is the same as Selenium's.
]]></system-err>
  </testcase>
  <testcase name="runScenario[&quot;Login using invalid username and valid password&quot;, &quot;Sauce Labs Demo Login Functionality&quot;](7)" classname="runners.TestRunner" time="2.475">
    <system-out><![CDATA[
Scenario: Login using invalid username and valid password                                                                    # src/test/java/features/Login.feature:45
  Given User is on the login page                                                                                            # stepdefinitions.LoginStepDefinition.user_is_on_the_login_page()
  When User enters invalid username "test1234"                                                                               # stepdefinitions.LoginStepDefinition.user_enters_invalid_username(java.lang.String)
  And User enters valid password "secret_sauce"                                                                              # stepdefinitions.LoginStepDefinition.user_enters_valid_password(java.lang.String)
  And User clicks on Login Button                                                                                            # stepdefinitions.LoginStepDefinition.user_clicks_on_login_button()
  Then User is not logged in and gets message as "Epic sadface: Username and password do not match any user in this service" # stepdefinitions.LoginStepDefinition.user_is_not_logged_in_and_gets_message_as(java.lang.String)
]]></system-out>
    <system-err><![CDATA[Jun 02, 2025 12:54:52 AM org.openqa.selenium.devtools.CdpVersionFinder findNearestMatch
WARNING: Unable to find CDP implementation matching 137
Jun 02, 2025 12:54:52 AM org.openqa.selenium.chromium.ChromiumDriver lambda$new$5
WARNING: Unable to find version of CDP to use for 137.0.7151.55. You may need to include a dependency on a specific version of the CDP using something similar to `org.seleniumhq.selenium:selenium-devtools-v86:4.16.1` where the version ("v86") matches the version of the chromium-based browser you're using and the version number of the artifact is the same as Selenium's.
]]></system-err>
  </testcase>
  <testcase name="runScenario[&quot;Login without providing any credentials&quot;, &quot;Sauce Labs Demo Login Functionality&quot;](8)" classname="runners.TestRunner" time="2.439">
    <system-out><![CDATA[
Scenario: Login without providing any credentials                                                    # src/test/java/features/Login.feature:52
  Given User is on the login page                                                                    # stepdefinitions.LoginStepDefinition.user_is_on_the_login_page()
  When User does not enter any credentials                                                           # stepdefinitions.LoginStepDefinition.user_does_not_enter_any_credentials()
  And User clicks on Login Button                                                                    # stepdefinitions.LoginStepDefinition.user_clicks_on_login_button()
  Then User is not logged in and gets required field validation "Epic sadface: Username is required" # stepdefinitions.LoginStepDefinition.user_is_not_logged_in_and_gets_required_field_validation(java.lang.String)
]]></system-out>
    <system-err><![CDATA[Jun 02, 2025 12:54:54 AM org.openqa.selenium.devtools.CdpVersionFinder findNearestMatch
WARNING: Unable to find CDP implementation matching 137
Jun 02, 2025 12:54:54 AM org.openqa.selenium.chromium.ChromiumDriver lambda$new$5
WARNING: Unable to find version of CDP to use for 137.0.7151.55. You may need to include a dependency on a specific version of the CDP using something similar to `org.seleniumhq.selenium:selenium-devtools-v86:4.16.1` where the version ("v86") matches the version of the chromium-based browser you're using and the version number of the artifact is the same as Selenium's.
]]></system-err>
  </testcase>
  <testcase name="runScenario[&quot;Check required field validation is coming correctly for password field&quot;, &quot;Sauce Labs Demo Login Functionality&quot;](9)" classname="runners.TestRunner" time="2.453">
    <system-out><![CDATA[
Scenario: Check required field validation is coming correctly for password field                     # src/test/java/features/Login.feature:58
  Given User is on the login page                                                                    # stepdefinitions.LoginStepDefinition.user_is_on_the_login_page()
  When User enters valid username "standard_user"                                                    # stepdefinitions.LoginStepDefinition.user_enters_valid_username(java.lang.String)
  And User leave password field blank                                                                # stepdefinitions.LoginStepDefinition.user_leave_password_field_blank()
  And User clicks on Login Button                                                                    # stepdefinitions.LoginStepDefinition.user_clicks_on_login_button()
  Then User is not logged in and gets required field validation "Epic sadface: Password is required" # stepdefinitions.LoginStepDefinition.user_is_not_logged_in_and_gets_required_field_validation(java.lang.String)
]]></system-out>
    <system-err><![CDATA[Jun 02, 2025 12:54:57 AM org.openqa.selenium.devtools.CdpVersionFinder findNearestMatch
WARNING: Unable to find CDP implementation matching 137
Jun 02, 2025 12:54:57 AM org.openqa.selenium.chromium.ChromiumDriver lambda$new$5
WARNING: Unable to find version of CDP to use for 137.0.7151.55. You may need to include a dependency on a specific version of the CDP using something similar to `org.seleniumhq.selenium:selenium-devtools-v86:4.16.1` where the version ("v86") matches the version of the chromium-based browser you're using and the version number of the artifact is the same as Selenium's.
]]></system-err>
  </testcase>
  <testcase name="runScenario[&quot;Tab and Enter keys work on the login form&quot;, &quot;Sauce Labs Demo Login Functionality&quot;](10)" classname="runners.TestRunner" time="2.489">
    <system-out><![CDATA[
Scenario: Tab and Enter keys work on the login form # src/test/java/features/Login.feature:65
  Given User is on the login page                   # stepdefinitions.LoginStepDefinition.user_is_on_the_login_page()
  When User enters valid username "standard_user"   # stepdefinitions.LoginStepDefinition.user_enters_valid_username(java.lang.String)
  And User presses TAB key                          # stepdefinitions.LoginStepDefinition.user_presses_tab_key()
  And User enters valid password "secret_sauce"     # stepdefinitions.LoginStepDefinition.user_enters_valid_password(java.lang.String)
  And User presses TAB key                          # stepdefinitions.LoginStepDefinition.user_presses_tab_key()
  And User presses ENTER key                        # stepdefinitions.LoginStepDefinition.user_presses_enter_key()
  Then User is navigated to Swag Labs page          # stepdefinitions.LoginStepDefinition.user_is_navigated_to_swag_labs_page()
]]></system-out>
    <system-err><![CDATA[Jun 02, 2025 12:54:59 AM org.openqa.selenium.devtools.CdpVersionFinder findNearestMatch
WARNING: Unable to find CDP implementation matching 137
Jun 02, 2025 12:54:59 AM org.openqa.selenium.chromium.ChromiumDriver lambda$new$5
WARNING: Unable to find version of CDP to use for 137.0.7151.55. You may need to include a dependency on a specific version of the CDP using something similar to `org.seleniumhq.selenium:selenium-devtools-v86:4.16.1` where the version ("v86") matches the version of the chromium-based browser you're using and the version number of the artifact is the same as Selenium's.
]]></system-err>
  </testcase>
</testsuite>