<?xml version="1.0" encoding="UTF-8"?>
<!-- Generated by org.testng.reporters.JUnitReportReporter -->
<testsuite hostname="DESKTOP-ERAU1O0" failures="1" tests="1" name="runners.TestRunner" time="5.925" errors="0" timestamp="2025-05-20T16:26:48 IST" skipped="0">
  <testcase classname="runners.TestRunner" name="runScenario" time="5.925">
    <failure message="expected [true] but found [false]" type="java.lang.AssertionError">
      <![CDATA[java.lang.AssertionError: expected [true] but found [false]
at org.testng.Assert.fail(Assert.java:111)
at org.testng.Assert.failNotEquals(Assert.java:1578)
at org.testng.Assert.assertTrue(Assert.java:57)
at org.testng.Assert.assertTrue(Assert.java:67)
at stepdefinitions.LoginStepDefinition.user_is_navigated_to_swag_labs_page(LoginStepDefinition.java:43)
at ✽.User is navigated to Swag Labs page(file:///E:/Charita/Study/GitSelenium/SeleniumCucumberVSCode/saucedemo/src/test/java/features/Login.feature:9)
]]>
    </failure>
  </testcase> <!-- runScenario -->
</testsuite> <!-- runners.TestRunner -->
